<?xml version="1.0" encoding="UTF-8"?>
<!-- Generated by org.testng.reporters.JUnitXMLReporter -->
<testsuite ignored="0" hostname="DESKTOP-SF2NEF8" failures="0" tests="4" name="Default test" time="18.31" errors="0" timestamp="25 Aug 2022 22:41:54 GMT">
  <testcase classname="org.petstore.RestServices" name="addpet" time="10.608"/>
  <testcase classname="org.petstore.RestServices" name="retrievepet" time="2.581"/>
  <testcase classname="org.petstore.RestServices" name="status" time="2.245"/>
  <testcase classname="org.petstore.RestServices" name="findbystatus" time="2.55"/>
</testsuite> <!-- Default test -->
